Using pre-set license
Built from '6000.0/staging' branch; Version is '6000.0.39f1 (15ea7ed0b100) revision 1436286'; Using compiler version '193933523'; Build Type 'Release'
OS: 'Windows 11  (10.0.22631) 64bit Professional' Language: 'en' Physical Memory: 15711 MB
BatchMode: 1, IsHumanControllingUs: 0, StartBugReporterOnCrash: 0, Is64bit: 1, IsPro: 1

COMMAND LINE ARGUMENTS:
C:\Program Files\Unity\Hub\Editor\6000.0.39f1\Editor\Unity.exe
-adb2
-batchMode
-noUpm
-name
AssetImportWorker4
-projectPath
D:/Project/My-Project/One-Soft/Burger
-logFile
Logs/AssetImportWorker4.log
-srvPort
53641
-job-worker-count
7
-background-job-worker-count
8
-gc-helper-count
1
Successfully changed project path to: D:/Project/My-Project/One-Soft/Burger
D:/Project/My-Project/One-Soft/Burger
[UnityMemory] Configuration Parameters - Can be set up in boot.config
    "memorysetup-bucket-allocator-granularity=16"
    "memorysetup-bucket-allocator-bucket-count=8"
    "memorysetup-bucket-allocator-block-size=33554432"
    "memorysetup-bucket-allocator-block-count=8"
    "memorysetup-main-allocator-block-size=16777216"
    "memorysetup-thread-allocator-block-size=16777216"
    "memorysetup-gfx-main-allocator-block-size=16777216"
    "memorysetup-gfx-thread-allocator-block-size=16777216"
    "memorysetup-cache-allocator-block-size=4194304"
    "memorysetup-typetree-allocator-block-size=2097152"
    "memorysetup-profiler-bucket-allocator-granularity=16"
    "memorysetup-profiler-bucket-allocator-bucket-count=8"
    "memorysetup-profiler-bucket-allocator-block-size=33554432"
    "memorysetup-profiler-bucket-allocator-block-count=8"
    "memorysetup-profiler-allocator-block-size=16777216"
    "memorysetup-profiler-editor-allocator-block-size=1048576"
    "memorysetup-temp-allocator-size-main=16777216"
    "memorysetup-job-temp-allocator-block-size=2097152"
    "memorysetup-job-temp-allocator-block-size-background=1048576"
    "memorysetup-job-temp-allocator-reduction-small-platforms=262144"
    "memorysetup-allocator-temp-initial-block-size-main=262144"
    "memorysetup-allocator-temp-initial-block-size-worker=262144"
    "memorysetup-temp-allocator-size-background-worker=32768"
    "memorysetup-temp-allocator-size-job-worker=262144"
    "memorysetup-temp-allocator-size-preload-manager=33554432"
    "memorysetup-temp-allocator-size-nav-mesh-worker=65536"
    "memorysetup-temp-allocator-size-audio-worker=65536"
    "memorysetup-temp-allocator-size-cloud-worker=32768"
    "memorysetup-temp-allocator-size-gi-baking-worker=262144"
    "memorysetup-temp-allocator-size-gi-baking-worker=262144"
    "memorysetup-temp-allocator-size-gi-baking-worker=262144"
    "memorysetup-temp-allocator-size-gi-baking-worker=262144"
    "memorysetup-temp-allocator-size-gi-baking-worker=262144"
    "memorysetup-temp-allocator-size-gfx=262144"
Player connection [22772]  Target information:

Player connection [22772]  * "[IP] 172.28.240.1 [Port] 0 [Flags] 2 [Guid] 2984873912 [EditorId] 2984873912 [Version] 1048832 [Id] WindowsEditor(7,HellWorld) [Debug] 1 [PackageName] WindowsEditor [ProjectName] Editor" 

Player connection [22772]  * "[IP] 192.168.56.1 [Port] 0 [Flags] 2 [Guid] 2984873912 [EditorId] 2984873912 [Version] 1048832 [Id] WindowsEditor(7,HellWorld) [Debug] 1 [PackageName] WindowsEditor [ProjectName] Editor" 

Player connection [22772]  * "[IP] 10.9.6.200 [Port] 0 [Flags] 2 [Guid] 2984873912 [EditorId] 2984873912 [Version] 1048832 [Id] WindowsEditor(7,HellWorld) [Debug] 1 [PackageName] WindowsEditor [ProjectName] Editor" 

Player connection [22772] Host joined multi-casting on [225.0.0.222:54997]...
Player connection [22772] Host joined alternative multi-casting on [225.0.0.222:34997]...
JobSystem: Creating JobQueue using job-worker-count value 7
Input System module state changed to: Initialized.
[Physics::Module] Initialized fallback backend.
[Physics::Module] Id: 0xdecafbad
Library Redirect Path: Library/
[Physics::Module] Selected backend.
[Physics::Module] Name: PhysX
[Physics::Module] Id: 0xf2b8ea05
[Physics::Module] SDK Version: 4.1.2
[Physics::Module] Integration Version: 1.0.0
[Physics::Module] Threading Mode: Multi-Threaded
Refreshing native plugins compatible for Editor in 0.00 ms, found 0 plugins.
Preloading 0 native plugins for Editor in 0.00 ms.
Initialize engine version: 6000.0.39f1 (15ea7ed0b100)
[Subsystems] Discovering subsystems at path C:/Program Files/Unity/Hub/Editor/6000.0.39f1/Editor/Data/Resources/UnitySubsystems
[Subsystems] Discovering subsystems at path D:/Project/My-Project/One-Soft/Burger/Assets
GfxDevice: creating device client; kGfxThreadingModeNonThreaded
Direct3D:
    Version:  Direct3D 11.0 [level 11.1]
    Renderer: NVIDIA GeForce RTX 3060 Laptop GPU (ID=0x2520)
    Vendor:   NVIDIA
    VRAM:     5996 MB
    Driver:   32.0.15.6119
Initialize mono
Mono path[0] = 'C:/Program Files/Unity/Hub/Editor/6000.0.39f1/Editor/Data/Managed'
Mono path[1] = 'C:/Program Files/Unity/Hub/Editor/6000.0.39f1/Editor/Data/MonoBleedingEdge/lib/mono/unityjit-win32'
Mono config path = 'C:/Program Files/Unity/Hub/Editor/6000.0.39f1/Editor/Data/MonoBleedingEdge/etc'
Using monoOptions --debugger-agent=transport=dt_socket,embedding=1,server=y,suspend=n,address=127.0.0.1:56108
Begin MonoManager ReloadAssembly
Registering precompiled unity dll's ...
Register platform support module: C:/Program Files/Unity/Hub/Editor/6000.0.39f1/Editor/Data/PlaybackEngines/WindowsStandaloneSupport/UnityEditor.WindowsStandalone.Extensions.dll
Registered in 0.003861 seconds.
- Loaded All Assemblies, in  1.492 seconds
Native extension for WindowsStandalone target not found
Mono: successfully reloaded assembly
- Finished resetting the current domain, in  0.489 seconds
Domain Reload Profiling: 1978ms
	BeginReloadAssembly (1093ms)
		ExecutionOrderSort (0ms)
		DisableScriptedObjects (0ms)
		BackupInstance (0ms)
		ReleaseScriptingObjects (0ms)
		CreateAndSetChildDomain (1ms)
	RebuildCommonClasses (61ms)
	RebuildNativeTypeToScriptingClass (19ms)
	initialDomainReloadingComplete (77ms)
	LoadAllAssembliesAndSetupDomain (239ms)
		LoadAssemblies (1090ms)
		RebuildTransferFunctionScriptingTraits (0ms)
		AnalyzeDomain (234ms)
			TypeCache.Refresh (232ms)
				TypeCache.ScanAssembly (212ms)
			BuildScriptInfoCaches (0ms)
			ResolveRequiredComponents (1ms)
	FinalizeReload (490ms)
		ReleaseScriptCaches (0ms)
		RebuildScriptCaches (0ms)
		SetupLoadedEditorAssemblies (437ms)
			LogAssemblyErrors (0ms)
			InitializePlatformSupportModulesInManaged (42ms)
			SetLoadedEditorAssemblies (7ms)
			BeforeProcessingInitializeOnLoad (81ms)
			ProcessInitializeOnLoadAttributes (223ms)
			ProcessInitializeOnLoadMethodAttributes (85ms)
			AfterProcessingInitializeOnLoad (0ms)
			EditorAssembliesLoaded (0ms)
		ExecutionOrderSort2 (0ms)
		AwakeInstancesAfterBackupRestoration (0ms)
========================================================================
Worker process is ready to serve import requests
Import Worker Mode flag is 0x00
Begin MonoManager ReloadAssembly
- Loaded All Assemblies, in  0.425 seconds
Refreshing native plugins compatible for Editor in 0.00 ms, found 0 plugins.
Native extension for WindowsStandalone target not found
Mono: successfully reloaded assembly
- Finished resetting the current domain, in  0.495 seconds
Domain Reload Profiling: 917ms
	BeginReloadAssembly (306ms)
		ExecutionOrderSort (0ms)
		DisableScriptedObjects (11ms)
		BackupInstance (0ms)
		ReleaseScriptingObjects (0ms)
		CreateAndSetChildDomain (69ms)
	RebuildCommonClasses (42ms)
	RebuildNativeTypeToScriptingClass (18ms)
	initialDomainReloadingComplete (29ms)
	LoadAllAssembliesAndSetupDomain (27ms)
		LoadAssemblies (174ms)
		RebuildTransferFunctionScriptingTraits (0ms)
		AnalyzeDomain (18ms)
			TypeCache.Refresh (12ms)
				TypeCache.ScanAssembly (5ms)
			BuildScriptInfoCaches (3ms)
			ResolveRequiredComponents (1ms)
	FinalizeReload (496ms)
		ReleaseScriptCaches (0ms)
		RebuildScriptCaches (0ms)
		SetupLoadedEditorAssemblies (325ms)
			LogAssemblyErrors (0ms)
			InitializePlatformSupportModulesInManaged (3ms)
			SetLoadedEditorAssemblies (4ms)
			BeforeProcessingInitializeOnLoad (90ms)
			ProcessInitializeOnLoadAttributes (180ms)
			ProcessInitializeOnLoadMethodAttributes (41ms)
			AfterProcessingInitializeOnLoad (6ms)
			EditorAssembliesLoaded (0ms)
		ExecutionOrderSort2 (0ms)
		AwakeInstancesAfterBackupRestoration (10ms)
Launched and connected shader compiler UnityShaderCompiler.exe after 0.01 seconds
Refreshing native plugins compatible for Editor in 0.00 ms, found 0 plugins.
Preloading 0 native plugins for Editor in 0.00 ms.
Unloading 11 Unused Serialized files (Serialized files now loaded: 0)
Unloading 154 unused Assets / (47.3 KB). Loaded Objects now: 656.
Memory consumption went from 57.0 MB to 57.0 MB.
Total: 6.563100 ms (FindLiveObjects: 0.103000 ms CreateObjectMapping: 0.017700 ms MarkObjects: 6.253100 ms  DeleteObjects: 0.187500 ms)

========================================================================
Received Import Request.
  Time since last request: 133553.639025 seconds.
  path: Assets/Icons/pan.png
  artifactKey: Guid(17fde130b17b310498f86254ed111a29) Importer(815301076,1909f56bfc062723c751e8b465ee728b)
Start importing Assets/Icons/pan.png using Guid(17fde130b17b310498f86254ed111a29) Importer(815301076,1909f56bfc062723c751e8b465ee728b) (PreviewImporter) -> (artifact id: '42083f2369b454f9393673506fef3770') in 0.2022512 seconds
Number of updated asset objects reloaded before import = 0Number of asset objects unloaded after import = 3

========================================================================
Received Import Request.
  Time since last request: 53.499364 seconds.
  path: Assets/Icons/bowl.png
  artifactKey: Guid(cc45bc208df3a5541a754b928b2e6cef) Importer(815301076,1909f56bfc062723c751e8b465ee728b)
Start importing Assets/Icons/bowl.png using Guid(cc45bc208df3a5541a754b928b2e6cef) Importer(815301076,1909f56bfc062723c751e8b465ee728b) (PreviewImporter) -> (artifact id: '0243cab3abe573e7d1a2ce3850ab0c91') in 0.0263355 seconds
Number of updated asset objects reloaded before import = 0Number of asset objects unloaded after import = 3

========================================================================
Received Import Request.
  Time since last request: 9.205284 seconds.
  path: Assets/Icons/knife.png
  artifactKey: Guid(8e387d2443cae954090a142f0fa1859b) Importer(815301076,1909f56bfc062723c751e8b465ee728b)
Start importing Assets/Icons/knife.png using Guid(8e387d2443cae954090a142f0fa1859b) Importer(815301076,1909f56bfc062723c751e8b465ee728b) (PreviewImporter) -> (artifact id: '2006d6430ccee5e45f75ae0d171baf4b') in 0.0308144 seconds
Number of updated asset objects reloaded before import = 0Number of asset objects unloaded after import = 3

========================================================================
Received Import Request.
  Time since last request: 11.392487 seconds.
  path: Assets/Icons/push.png
  artifactKey: Guid(9cc2c418f30182740a181f1a1e39dec1) Importer(815301076,1909f56bfc062723c751e8b465ee728b)
Start importing Assets/Icons/push.png using Guid(9cc2c418f30182740a181f1a1e39dec1) Importer(815301076,1909f56bfc062723c751e8b465ee728b) (PreviewImporter) -> (artifact id: '8a67ca6fb5ce76f9bb6d3ac1dd81aaf3') in 0.0276946 seconds
Number of updated asset objects reloaded before import = 0Number of asset objects unloaded after import = 3

========================================================================
Received Import Request.
  Time since last request: 243.858679 seconds.
  path: Assets/Icons/add.png
  artifactKey: Guid(e9ffcfa9cc923d44fba348734afa19fe) Importer(815301076,1909f56bfc062723c751e8b465ee728b)
Start importing Assets/Icons/add.png using Guid(e9ffcfa9cc923d44fba348734afa19fe) Importer(815301076,1909f56bfc062723c751e8b465ee728b) (PreviewImporter) -> (artifact id: 'f6504bb64b965b0b7810c58078a00816') in 0.0266211 seconds
Number of updated asset objects reloaded before import = 0Number of asset objects unloaded after import = 2

========================================================================
Received Import Request.
  Time since last request: 7.890782 seconds.
  path: Assets/Icons/add.png
  artifactKey: Guid(e9ffcfa9cc923d44fba348734afa19fe) Importer(815301076,1909f56bfc062723c751e8b465ee728b)
Start importing Assets/Icons/add.png using Guid(e9ffcfa9cc923d44fba348734afa19fe) Importer(815301076,1909f56bfc062723c751e8b465ee728b) (PreviewImporter) -> (artifact id: '2639380cc1dd839f4c8eb48e5d7760f0') in 0.0273002 seconds
Number of updated asset objects reloaded before import = 0Number of asset objects unloaded after import = 3

========================================================================
Received Import Request.
  Time since last request: 6.867041 seconds.
  path: Assets/Icons/right-arrow.png
  artifactKey: Guid(00dbbaf272fb9fa46abbf22ba8f1eb7a) Importer(815301076,1909f56bfc062723c751e8b465ee728b)
Start importing Assets/Icons/right-arrow.png using Guid(00dbbaf272fb9fa46abbf22ba8f1eb7a) Importer(815301076,1909f56bfc062723c751e8b465ee728b) (PreviewImporter) -> (artifact id: '7109a271416b88b60869945663432971') in 0.0364974 seconds
Number of updated asset objects reloaded before import = 0Number of asset objects unloaded after import = 3

========================================================================
Received Import Request.
  Time since last request: 293.281710 seconds.
  path: Assets/Icons/equal.png
  artifactKey: Guid(8420b1e10302da847a04ad37e2afa87d) Importer(815301076,1909f56bfc062723c751e8b465ee728b)
Start importing Assets/Icons/equal.png using Guid(8420b1e10302da847a04ad37e2afa87d) Importer(815301076,1909f56bfc062723c751e8b465ee728b) (PreviewImporter) -> (artifact id: '361fabeda563793a973886a961f4640b') in 0.0088564 seconds
Number of updated asset objects reloaded before import = 0Number of asset objects unloaded after import = 2

========================================================================
Received Import Request.
  Time since last request: 8.599679 seconds.
  path: Assets/Icons/equal.png
  artifactKey: Guid(8420b1e10302da847a04ad37e2afa87d) Importer(815301076,1909f56bfc062723c751e8b465ee728b)
Start importing Assets/Icons/equal.png using Guid(8420b1e10302da847a04ad37e2afa87d) Importer(815301076,1909f56bfc062723c751e8b465ee728b) (PreviewImporter) -> (artifact id: '118839f9cb27f4ca6d4120503b1572c3') in 0.0255605 seconds
Number of updated asset objects reloaded before import = 0Number of asset objects unloaded after import = 3

========================================================================
Received Import Request.
  Time since last request: 55.129115 seconds.
  path: Assets/Icons/equal(1).png
  artifactKey: Guid(ae15da3c43ee16a429a599cf2872cafb) Importer(815301076,1909f56bfc062723c751e8b465ee728b)
Start importing Assets/Icons/equal(1).png using Guid(ae15da3c43ee16a429a599cf2872cafb) Importer(815301076,1909f56bfc062723c751e8b465ee728b) (PreviewImporter) -> (artifact id: '5e69b4660b1d0363d41cdfc1344ae78c') in 0.0095473 seconds
Number of updated asset objects reloaded before import = 0Number of asset objects unloaded after import = 2

========================================================================
Received Import Request.
  Time since last request: 8.292223 seconds.
  path: Assets/Icons/equal(1).png
  artifactKey: Guid(ae15da3c43ee16a429a599cf2872cafb) Importer(815301076,1909f56bfc062723c751e8b465ee728b)
Start importing Assets/Icons/equal(1).png using Guid(ae15da3c43ee16a429a599cf2872cafb) Importer(815301076,1909f56bfc062723c751e8b465ee728b) (PreviewImporter) -> (artifact id: '1698538cf4a35248d127897c89428ed3') in 0.0267163 seconds
Number of updated asset objects reloaded before import = 0Number of asset objects unloaded after import = 3

========================================================================
Received Import Request.
  Time since last request: 76.241962 seconds.
  path: Assets
  artifactKey: Guid(00000000000000001000000000000000) Importer(815301076,1909f56bfc062723c751e8b465ee728b)
Start importing Assets using Guid(00000000000000001000000000000000) Importer(815301076,1909f56bfc062723c751e8b465ee728b) (PreviewImporter) -> (artifact id: 'c391582d739b6e62a5220f35cbb167ac') in 0.0009303 seconds
Number of updated asset objects reloaded before import = 0Number of asset objects unloaded after import = 0

========================================================================
Received Import Request.
  Time since last request: 0.908918 seconds.
  path: Assets/Alex
  artifactKey: Guid(33270701db7387f4ab0054b64f6885c4) Importer(815301076,1909f56bfc062723c751e8b465ee728b)
Start importing Assets/Alex using Guid(33270701db7387f4ab0054b64f6885c4) Importer(815301076,1909f56bfc062723c751e8b465ee728b) (PreviewImporter) -> (artifact id: '4920a858a74cb61877f9b8c09757fd04') in 0.0008573 seconds
Number of updated asset objects reloaded before import = 0Number of asset objects unloaded after import = 0

========================================================================
Received Import Request.
  Time since last request: 22.153343 seconds.
  path: Assets/Alex/pat-for-meat.prefab
  artifactKey: Guid(42702aa394189e749bb210f1e343d6dd) Importer(815301076,1909f56bfc062723c751e8b465ee728b)
Start importing Assets/Alex/pat-for-meat.prefab using Guid(42702aa394189e749bb210f1e343d6dd) Importer(815301076,1909f56bfc062723c751e8b465ee728b) (PreviewImporter) -> (artifact id: 'c8487b24cf41fd3a4fbd26397bf376b8') in 0.0754516 seconds
Number of updated asset objects reloaded before import = 0Number of asset objects unloaded after import = 39

========================================================================
Received Import Request.
  Time since last request: 8.668422 seconds.
  path: Assets/Scenes/CookInteractionDemo.unity
  artifactKey: Guid(09a3addff5bf56543ae163f796ecaf71) Importer(815301076,1909f56bfc062723c751e8b465ee728b)
Start importing Assets/Scenes/CookInteractionDemo.unity using Guid(09a3addff5bf56543ae163f796ecaf71) Importer(815301076,1909f56bfc062723c751e8b465ee728b) (PreviewImporter) -> (artifact id: 'd36a3f035a7a636074a0ae63e2bf1de6') in 0.0011885 seconds
Number of updated asset objects reloaded before import = 0Number of asset objects unloaded after import = 0

========================================================================
Received Import Request.
  Time since last request: 41.095356 seconds.
  path: Assets/Alex/blenderFile/knife.fbx
  artifactKey: Guid(b50d5026c208e0f47a9335021b12cf92) Importer(815301076,1909f56bfc062723c751e8b465ee728b)
Start importing Assets/Alex/blenderFile/knife.fbx using Guid(b50d5026c208e0f47a9335021b12cf92) Importer(815301076,1909f56bfc062723c751e8b465ee728b) (PreviewImporter) -> (artifact id: 'f522a551a3d73f2692ba6af10d16bc99') in 0.3844495 seconds
Number of updated asset objects reloaded before import = 0Number of asset objects unloaded after import = 9

========================================================================
Received Import Request.
  Time since last request: 0.000037 seconds.
  path: Assets/Alex/Rat/Rat_COL.png
  artifactKey: Guid(47087bdfe2a393741b5bb605ffec2b7d) Importer(815301076,1909f56bfc062723c751e8b465ee728b)
Start importing Assets/Alex/Rat/Rat_COL.png using Guid(47087bdfe2a393741b5bb605ffec2b7d) Importer(815301076,1909f56bfc062723c751e8b465ee728b) (PreviewImporter) -> (artifact id: 'f7f01355ffef46cc690542f65d985fd7') in 0.0331564 seconds
Number of updated asset objects reloaded before import = 0Number of asset objects unloaded after import = 2

========================================================================
Received Import Request.
  Time since last request: 0.000051 seconds.
  path: Assets/Alex/Rat/Rat_roughness.png
  artifactKey: Guid(e8302f63086b2384588934cbbd841719) Importer(815301076,1909f56bfc062723c751e8b465ee728b)
Start importing Assets/Alex/Rat/Rat_roughness.png using Guid(e8302f63086b2384588934cbbd841719) Importer(815301076,1909f56bfc062723c751e8b465ee728b) (PreviewImporter) -> (artifact id: 'f0950be790b1a18b3e0324f407ea4c92') in 0.0316051 seconds
Number of updated asset objects reloaded before import = 0Number of asset objects unloaded after import = 2

========================================================================
Received Import Request.
  Time since last request: 0.000033 seconds.
  path: Assets/Alex/Rat/Rat_NRM.png
  artifactKey: Guid(29660436f8f161a4a975bac18f010e1f) Importer(815301076,1909f56bfc062723c751e8b465ee728b)
Start importing Assets/Alex/Rat/Rat_NRM.png using Guid(29660436f8f161a4a975bac18f010e1f) Importer(815301076,1909f56bfc062723c751e8b465ee728b) (PreviewImporter) -> (artifact id: '121931a2ff75dc4bb80360b4bd0604fb') in 0.0427468 seconds
Number of updated asset objects reloaded before import = 0Number of asset objects unloaded after import = 2

========================================================================
Received Import Request.
  Time since last request: 8.320245 seconds.
  path: Assets/Alex/Scenes/New Scene.unity
  artifactKey: Guid(3a170a10444d6e54ca984a5a002c489d) Importer(815301076,1909f56bfc062723c751e8b465ee728b)
Start importing Assets/Alex/Scenes/New Scene.unity using Guid(3a170a10444d6e54ca984a5a002c489d) Importer(815301076,1909f56bfc062723c751e8b465ee728b) (PreviewImporter) -> (artifact id: '25d08605488d1cb59ab5fa9f273e52ba') in 0.0010103 seconds
Number of updated asset objects reloaded before import = 0Number of asset objects unloaded after import = 0

========================================================================
Received Import Request.
  Time since last request: 230.416300 seconds.
  path: Assets/Icons/reception.png
  artifactKey: Guid(e08b0a185ba9c5b4a95b99ca34f41fd1) Importer(815301076,1909f56bfc062723c751e8b465ee728b)
Start importing Assets/Icons/reception.png using Guid(e08b0a185ba9c5b4a95b99ca34f41fd1) Importer(815301076,1909f56bfc062723c751e8b465ee728b) (PreviewImporter) -> (artifact id: 'bc1055696348a65e0d7cb1c7bd440134') in 0.0248009 seconds
Number of updated asset objects reloaded before import = 0Number of asset objects unloaded after import = 2

========================================================================
Received Import Request.
  Time since last request: 7.916827 seconds.
  path: Assets/Icons/reception.png
  artifactKey: Guid(e08b0a185ba9c5b4a95b99ca34f41fd1) Importer(815301076,1909f56bfc062723c751e8b465ee728b)
Start importing Assets/Icons/reception.png using Guid(e08b0a185ba9c5b4a95b99ca34f41fd1) Importer(815301076,1909f56bfc062723c751e8b465ee728b) (PreviewImporter) -> (artifact id: '960901345218e953056ac6f9bfcb7e76') in 0.0433841 seconds
Number of updated asset objects reloaded before import = 0Number of asset objects unloaded after import = 3

========================================================================
Received Import Request.
  Time since last request: 112.091805 seconds.
  path: Assets/Icons/left-click.png
  artifactKey: Guid(eea02f667f9d5bd4689f6e4e44f912d1) Importer(815301076,1909f56bfc062723c751e8b465ee728b)
Start importing Assets/Icons/left-click.png using Guid(eea02f667f9d5bd4689f6e4e44f912d1) Importer(815301076,1909f56bfc062723c751e8b465ee728b) (PreviewImporter) -> (artifact id: '4615f642e958cc0c3b73e0d268f67217') in 0.0220908 seconds
Number of updated asset objects reloaded before import = 0Number of asset objects unloaded after import = 2

========================================================================
Received Import Request.
  Time since last request: 6.800656 seconds.
  path: Assets/Icons/left-click.png
  artifactKey: Guid(eea02f667f9d5bd4689f6e4e44f912d1) Importer(815301076,1909f56bfc062723c751e8b465ee728b)
Start importing Assets/Icons/left-click.png using Guid(eea02f667f9d5bd4689f6e4e44f912d1) Importer(815301076,1909f56bfc062723c751e8b465ee728b) (PreviewImporter) -> (artifact id: '3990cd2ff7634c5de6a9b7a15ffe57b7') in 0.0269248 seconds
Number of updated asset objects reloaded before import = 0Number of asset objects unloaded after import = 3

========================================================================
Received Import Request.
  Time since last request: 753.615352 seconds.
  path: Assets/Icons/check-list.png
  artifactKey: Guid(a1778d7f39f399d4980523d092818134) Importer(815301076,1909f56bfc062723c751e8b465ee728b)
Start importing Assets/Icons/check-list.png using Guid(a1778d7f39f399d4980523d092818134) Importer(815301076,1909f56bfc062723c751e8b465ee728b) (PreviewImporter) -> (artifact id: 'f35f686937a149f78dd4871e236c7733') in 1.0627813 seconds
Number of updated asset objects reloaded before import = 0Number of asset objects unloaded after import = 2

========================================================================
Received Import Request.
  Time since last request: 16.849252 seconds.
  path: Assets/Icons/check-list.png
  artifactKey: Guid(a1778d7f39f399d4980523d092818134) Importer(815301076,1909f56bfc062723c751e8b465ee728b)
Start importing Assets/Icons/check-list.png using Guid(a1778d7f39f399d4980523d092818134) Importer(815301076,1909f56bfc062723c751e8b465ee728b) (PreviewImporter) -> (artifact id: 'e826afa9203ca162db0f65075ad3b325') in 0.0309546 seconds
Number of updated asset objects reloaded before import = 0Number of asset objects unloaded after import = 3

========================================================================
Received Import Request.
  Time since last request: 418.521913 seconds.
  path: Assets/Icons/plate.png
  artifactKey: Guid(f303014f341aa3841b61721cd04fa5c4) Importer(815301076,1909f56bfc062723c751e8b465ee728b)
Start importing Assets/Icons/plate.png using Guid(f303014f341aa3841b61721cd04fa5c4) Importer(815301076,1909f56bfc062723c751e8b465ee728b) (PreviewImporter) -> (artifact id: '654c01479a911e4a84fa854eb56bc631') in 0.0255415 seconds
Number of updated asset objects reloaded before import = 0Number of asset objects unloaded after import = 2

========================================================================
Received Import Request.
  Time since last request: 7.864765 seconds.
  path: Assets/Icons/plate.png
  artifactKey: Guid(f303014f341aa3841b61721cd04fa5c4) Importer(815301076,1909f56bfc062723c751e8b465ee728b)
Start importing Assets/Icons/plate.png using Guid(f303014f341aa3841b61721cd04fa5c4) Importer(815301076,1909f56bfc062723c751e8b465ee728b) (PreviewImporter) -> (artifact id: 'a623ef2c71469bba1ae1f6a36e57b2bb') in 0.0251536 seconds
Number of updated asset objects reloaded before import = 0Number of asset objects unloaded after import = 3

========================================================================
Received Import Request.
  Time since last request: 406.149968 seconds.
  path: Assets/Icons/retro.png
  artifactKey: Guid(eaf7066dcf51c9e4e9a7b7251263c02a) Importer(815301076,1909f56bfc062723c751e8b465ee728b)
Start importing Assets/Icons/retro.png using Guid(eaf7066dcf51c9e4e9a7b7251263c02a) Importer(815301076,1909f56bfc062723c751e8b465ee728b) (PreviewImporter) -> (artifact id: '8cd45987c2682c7e0c10ab0b95447326') in 0.0240692 seconds
Number of updated asset objects reloaded before import = 0Number of asset objects unloaded after import = 2

========================================================================
Received Import Request.
  Time since last request: 40.464181 seconds.
  path: Assets/Icons/retro.png
  artifactKey: Guid(eaf7066dcf51c9e4e9a7b7251263c02a) Importer(815301076,1909f56bfc062723c751e8b465ee728b)
Start importing Assets/Icons/retro.png using Guid(eaf7066dcf51c9e4e9a7b7251263c02a) Importer(815301076,1909f56bfc062723c751e8b465ee728b) (PreviewImporter) -> (artifact id: '80f8594e79caf985b3aea42b94000485') in 0.0268546 seconds
Number of updated asset objects reloaded before import = 0Number of asset objects unloaded after import = 3

========================================================================
Received Import Request.
  Time since last request: 519.719946 seconds.
  path: Assets/Icons/tray.png
  artifactKey: Guid(7056222dc1d051e4dbbd6b116e084f7e) Importer(815301076,1909f56bfc062723c751e8b465ee728b)
Start importing Assets/Icons/tray.png using Guid(7056222dc1d051e4dbbd6b116e084f7e) Importer(815301076,1909f56bfc062723c751e8b465ee728b) (PreviewImporter) -> (artifact id: 'c2dcda4ca37793610c1dd7378e6db5bf') in 0.0274903 seconds
Number of updated asset objects reloaded before import = 0Number of asset objects unloaded after import = 2

========================================================================
Received Import Request.
  Time since last request: 8.550715 seconds.
  path: Assets/Icons/tray.png
  artifactKey: Guid(7056222dc1d051e4dbbd6b116e084f7e) Importer(815301076,1909f56bfc062723c751e8b465ee728b)
Start importing Assets/Icons/tray.png using Guid(7056222dc1d051e4dbbd6b116e084f7e) Importer(815301076,1909f56bfc062723c751e8b465ee728b) (PreviewImporter) -> (artifact id: 'b41b039618a0735317175d5b122c786d') in 0.031432 seconds
Number of updated asset objects reloaded before import = 0Number of asset objects unloaded after import = 3

========================================================================
Received Import Request.
  Time since last request: 141.961951 seconds.
  path: Assets/Icons/cheeseburger.png
  artifactKey: Guid(3d968735d98810d41821dca2ad070a30) Importer(815301076,1909f56bfc062723c751e8b465ee728b)
Start importing Assets/Icons/cheeseburger.png using Guid(3d968735d98810d41821dca2ad070a30) Importer(815301076,1909f56bfc062723c751e8b465ee728b) (PreviewImporter) -> (artifact id: '5b932b15ad0ecef7083b8a24b9beaac8') in 0.0287263 seconds
Number of updated asset objects reloaded before import = 0Number of asset objects unloaded after import = 2

========================================================================
Received Import Request.
  Time since last request: 16.798797 seconds.
  path: Assets/Icons/cheeseburger.png
  artifactKey: Guid(3d968735d98810d41821dca2ad070a30) Importer(815301076,1909f56bfc062723c751e8b465ee728b)
Start importing Assets/Icons/cheeseburger.png using Guid(3d968735d98810d41821dca2ad070a30) Importer(815301076,1909f56bfc062723c751e8b465ee728b) (PreviewImporter) -> (artifact id: '8e8c0fa953125a78e19a32273165b204') in 0.0302019 seconds
Number of updated asset objects reloaded before import = 0Number of asset objects unloaded after import = 3

========================================================================
Received Import Request.
  Time since last request: 406.353583 seconds.
  path: Assets/Icons/empty.png
  artifactKey: Guid(489c4c03b1e0bc14aadc65a2c94c3fb3) Importer(815301076,1909f56bfc062723c751e8b465ee728b)
Start importing Assets/Icons/empty.png using Guid(489c4c03b1e0bc14aadc65a2c94c3fb3) Importer(815301076,1909f56bfc062723c751e8b465ee728b) (PreviewImporter) -> (artifact id: 'b49284422877840ead0281924b5b3b52') in 0.0264453 seconds
Number of updated asset objects reloaded before import = 0Number of asset objects unloaded after import = 2

========================================================================
Received Import Request.
  Time since last request: 7.416602 seconds.
  path: Assets/Icons/empty.png
  artifactKey: Guid(489c4c03b1e0bc14aadc65a2c94c3fb3) Importer(815301076,1909f56bfc062723c751e8b465ee728b)
Start importing Assets/Icons/empty.png using Guid(489c4c03b1e0bc14aadc65a2c94c3fb3) Importer(815301076,1909f56bfc062723c751e8b465ee728b) (PreviewImporter) -> (artifact id: '3bee23312d09d938df09d1c58fcb1a37') in 0.587523 seconds
Number of updated asset objects reloaded before import = 0Number of asset objects unloaded after import = 3

========================================================================
Received Import Request.
  Time since last request: 242.105718 seconds.
  path: Assets/Icons/arrows.png
  artifactKey: Guid(833bdd8e4e021cb42aa5d04c46dcc084) Importer(815301076,1909f56bfc062723c751e8b465ee728b)
Start importing Assets/Icons/arrows.png using Guid(833bdd8e4e021cb42aa5d04c46dcc084) Importer(815301076,1909f56bfc062723c751e8b465ee728b) (PreviewImporter) -> (artifact id: '4924e0e52dd1750c9b7179cb3a3d303a') in 0.0244256 seconds
Number of updated asset objects reloaded before import = 0Number of asset objects unloaded after import = 2

========================================================================
Received Import Request.
  Time since last request: 9.136175 seconds.
  path: Assets/Icons/arrows.png
  artifactKey: Guid(833bdd8e4e021cb42aa5d04c46dcc084) Importer(815301076,1909f56bfc062723c751e8b465ee728b)
Start importing Assets/Icons/arrows.png using Guid(833bdd8e4e021cb42aa5d04c46dcc084) Importer(815301076,1909f56bfc062723c751e8b465ee728b) (PreviewImporter) -> (artifact id: '02a007755080e7ed4ccd877bbd238ede') in 0.0304484 seconds
Number of updated asset objects reloaded before import = 0Number of asset objects unloaded after import = 3

